<?xml version="1.0" encoding="UTF-8"?>
<testsuite name="SocialNetworkShould" tests="1" skipped="0" failures="0" errors="0" timestamp="2020-01-11T20:57:13" hostname="admins-mbp.home" time="0.003">
  <properties/>
  <testcase name="test" classname="SocialNetworkShould" time="0.003"/>
  <system-out><![CDATA[]]></system-out>
  <system-err><![CDATA[]]></system-err>
</testsuite>
